2024-11-18 06:15:09 [HikariPool-2 housekeeper] WARN  com.zaxxer.hikari.pool.HikariPool - HikariPool-2 - Thread starvation or clock leap detected (housekeeper delta=3h25m1s517ms550µs700ns).
2024-11-18 18:30:00 [restartedMain] INFO  c.f.FusionAlmereFcApplication - Starting FusionAlmereFcApplication using Java 17.0.9 with PID 14000 (C:\Users\Chidozie\gitRepo\fusion-almere-fc\backend\build\classes\java\main started by Chidozie in C:\Users\Chidozie\gitRepo\fusion-almere-fc)
2024-11-18 18:30:00 [restartedMain] DEBUG c.f.FusionAlmereFcApplication - Running with Spring Boot v3.3.5, Spring v6.1.14
2024-11-18 18:30:00 [restartedMain] INFO  c.f.FusionAlmereFcApplication - The following 1 profile is active: "dev"
2024-11-18 18:30:02 [restartedMain] INFO  o.a.coyote.http11.Http11NioProtocol - Initializing ProtocolHandler ["http-nio-8080"]
2024-11-18 18:30:02 [restartedMain] INFO  o.a.catalina.core.StandardService - Starting service [Tomcat]
2024-11-18 18:30:02 [restartedMain] INFO  o.a.catalina.core.StandardEngine - Starting Servlet engine: [Apache Tomcat/10.1.31]
2024-11-18 18:30:02 [restartedMain] INFO  o.a.c.c.C.[Tomcat].[localhost].[/] - Initializing Spring embedded WebApplicationContext
2024-11-18 18:30:03 [restartedMain] INFO  o.h.jpa.internal.util.LogHelper - HHH000204: Processing PersistenceUnitInfo [name: default]
2024-11-18 18:30:03 [restartedMain] INFO  org.hibernate.Version - HHH000412: Hibernate ORM core version 6.5.3.Final
2024-11-18 18:30:03 [restartedMain] INFO  o.h.c.i.RegionFactoryInitiator - HHH000026: Second-level cache disabled
2024-11-18 18:30:03 [restartedMain] INFO  com.zaxxer.hikari.HikariDataSource - HikariPool-1 - Starting...
2024-11-18 18:30:03 [restartedMain] INFO  com.zaxxer.hikari.pool.HikariPool - HikariPool-1 - Added connection org.postgresql.jdbc.PgConnection@1d7043d3
2024-11-18 18:30:03 [restartedMain] INFO  com.zaxxer.hikari.HikariDataSource - HikariPool-1 - Start completed.
2024-11-18 18:30:03 [restartedMain] WARN  org.hibernate.orm.deprecation - HHH90000025: PostgreSQLDialect does not need to be specified explicitly using 'hibernate.dialect' (remove the property setting and it will be selected by default)
2024-11-18 18:30:05 [restartedMain] INFO  o.h.e.t.j.p.i.JtaPlatformInitiator - HHH000489: No JTA platform available (set 'hibernate.transaction.jta.platform' to enable JTA platform integration)
2024-11-18 18:30:05 [restartedMain] WARN  o.s.b.a.o.j.JpaBaseConfiguration$JpaWebConfiguration - spring.jpa.open-in-view is enabled by default. Therefore, database queries may be performed during view rendering. Explicitly configure spring.jpa.open-in-view to disable this warning
2024-11-18 18:30:05 [restartedMain] WARN  o.s.b.a.s.s.UserDetailsServiceAutoConfiguration - 

Using generated security password: f67acb5d-01e8-46aa-b476-4eec4724e9f8

This generated password is for development use only. Your security configuration must be updated before running your application in production.

2024-11-18 18:30:07 [restartedMain] INFO  o.a.coyote.http11.Http11NioProtocol - Starting ProtocolHandler ["http-nio-8080"]
2024-11-18 18:30:07 [restartedMain] INFO  c.f.FusionAlmereFcApplication - Started FusionAlmereFcApplication in 7.302 seconds (process running for 8.028)
2024-11-18 18:30:08 [RMI TCP Connection(2)-127.0.0.1] INFO  o.a.c.c.C.[Tomcat].[localhost].[/] - Initializing Spring DispatcherServlet 'dispatcherServlet'
2024-11-18 18:30:35 [http-nio-8080-exec-1] INFO  c.f.c.FusionAlmereFcController - Unknown page. Redirected to the Home page
2024-11-18 18:31:17 [http-nio-8080-exec-9] INFO  c.f.c.FusionAlmereFcController - Unknown page. Redirected to the Home page
2024-11-18 18:32:06 [http-nio-8080-exec-5] INFO  c.f.c.FusionAlmereFcController - Unknown page. Redirected to the Home page
2024-11-18 18:34:24 [restartedMain] INFO  c.f.FusionAlmereFcApplication - Starting FusionAlmereFcApplication using Java 17.0.9 with PID 31352 (C:\Users\Chidozie\gitRepo\fusion-almere-fc\backend\build\classes\java\main started by Chidozie in C:\Users\Chidozie\gitRepo\fusion-almere-fc)
2024-11-18 18:34:24 [restartedMain] DEBUG c.f.FusionAlmereFcApplication - Running with Spring Boot v3.3.5, Spring v6.1.14
2024-11-18 18:34:24 [restartedMain] INFO  c.f.FusionAlmereFcApplication - The following 1 profile is active: "dev"
2024-11-18 18:34:26 [restartedMain] INFO  o.a.coyote.http11.Http11NioProtocol - Initializing ProtocolHandler ["http-nio-8080"]
2024-11-18 18:34:26 [restartedMain] INFO  o.a.catalina.core.StandardService - Starting service [Tomcat]
2024-11-18 18:34:26 [restartedMain] INFO  o.a.catalina.core.StandardEngine - Starting Servlet engine: [Apache Tomcat/10.1.31]
2024-11-18 18:34:26 [restartedMain] INFO  o.a.c.c.C.[Tomcat].[localhost].[/] - Initializing Spring embedded WebApplicationContext
2024-11-18 18:34:27 [restartedMain] INFO  o.h.jpa.internal.util.LogHelper - HHH000204: Processing PersistenceUnitInfo [name: default]
2024-11-18 18:34:27 [restartedMain] INFO  org.hibernate.Version - HHH000412: Hibernate ORM core version 6.5.3.Final
2024-11-18 18:34:27 [restartedMain] INFO  o.h.c.i.RegionFactoryInitiator - HHH000026: Second-level cache disabled
2024-11-18 18:34:27 [restartedMain] INFO  com.zaxxer.hikari.HikariDataSource - HikariPool-1 - Starting...
2024-11-18 18:34:27 [restartedMain] INFO  com.zaxxer.hikari.pool.HikariPool - HikariPool-1 - Added connection org.postgresql.jdbc.PgConnection@113fc3f0
2024-11-18 18:34:27 [restartedMain] INFO  com.zaxxer.hikari.HikariDataSource - HikariPool-1 - Start completed.
2024-11-18 18:34:27 [restartedMain] WARN  org.hibernate.orm.deprecation - HHH90000025: PostgreSQLDialect does not need to be specified explicitly using 'hibernate.dialect' (remove the property setting and it will be selected by default)
2024-11-18 18:34:29 [restartedMain] INFO  o.h.e.t.j.p.i.JtaPlatformInitiator - HHH000489: No JTA platform available (set 'hibernate.transaction.jta.platform' to enable JTA platform integration)
2024-11-18 18:34:29 [restartedMain] WARN  o.s.b.a.o.j.JpaBaseConfiguration$JpaWebConfiguration - spring.jpa.open-in-view is enabled by default. Therefore, database queries may be performed during view rendering. Explicitly configure spring.jpa.open-in-view to disable this warning
2024-11-18 18:34:29 [restartedMain] WARN  o.s.b.a.s.s.UserDetailsServiceAutoConfiguration - 

Using generated security password: d93a2ab7-1631-42b6-8190-6eda681f7826

This generated password is for development use only. Your security configuration must be updated before running your application in production.

2024-11-18 18:34:31 [restartedMain] INFO  o.a.coyote.http11.Http11NioProtocol - Starting ProtocolHandler ["http-nio-8080"]
2024-11-18 18:34:31 [restartedMain] INFO  c.f.FusionAlmereFcApplication - Started FusionAlmereFcApplication in 7.252 seconds (process running for 8.008)
2024-11-18 18:34:32 [RMI TCP Connection(2)-127.0.0.1] INFO  o.a.c.c.C.[Tomcat].[localhost].[/] - Initializing Spring DispatcherServlet 'dispatcherServlet'
2024-11-18 18:34:40 [http-nio-8080-exec-1] INFO  c.f.c.FusionAlmereFcController - Unknown page. Redirected to the Home page
2024-11-18 18:35:28 [restartedMain] INFO  c.f.FusionAlmereFcApplication - Starting FusionAlmereFcApplication using Java 17.0.9 with PID 27284 (C:\Users\Chidozie\gitRepo\fusion-almere-fc\backend\build\classes\java\main started by Chidozie in C:\Users\Chidozie\gitRepo\fusion-almere-fc)
2024-11-18 18:35:28 [restartedMain] DEBUG c.f.FusionAlmereFcApplication - Running with Spring Boot v3.3.5, Spring v6.1.14
2024-11-18 18:35:28 [restartedMain] INFO  c.f.FusionAlmereFcApplication - The following 1 profile is active: "dev"
2024-11-18 18:35:31 [restartedMain] INFO  o.a.coyote.http11.Http11NioProtocol - Initializing ProtocolHandler ["http-nio-8080"]
2024-11-18 18:35:31 [restartedMain] INFO  o.a.catalina.core.StandardService - Starting service [Tomcat]
2024-11-18 18:35:31 [restartedMain] INFO  o.a.catalina.core.StandardEngine - Starting Servlet engine: [Apache Tomcat/10.1.31]
2024-11-18 18:35:31 [restartedMain] INFO  o.a.c.c.C.[Tomcat].[localhost].[/] - Initializing Spring embedded WebApplicationContext
2024-11-18 18:35:32 [restartedMain] INFO  o.h.jpa.internal.util.LogHelper - HHH000204: Processing PersistenceUnitInfo [name: default]
2024-11-18 18:35:32 [restartedMain] INFO  org.hibernate.Version - HHH000412: Hibernate ORM core version 6.5.3.Final
2024-11-18 18:35:32 [restartedMain] INFO  o.h.c.i.RegionFactoryInitiator - HHH000026: Second-level cache disabled
2024-11-18 18:35:33 [restartedMain] INFO  com.zaxxer.hikari.HikariDataSource - HikariPool-1 - Starting...
2024-11-18 18:35:33 [restartedMain] INFO  com.zaxxer.hikari.pool.HikariPool - HikariPool-1 - Added connection org.postgresql.jdbc.PgConnection@3e2e1004
2024-11-18 18:35:33 [restartedMain] INFO  com.zaxxer.hikari.HikariDataSource - HikariPool-1 - Start completed.
2024-11-18 18:35:33 [restartedMain] WARN  org.hibernate.orm.deprecation - HHH90000025: PostgreSQLDialect does not need to be specified explicitly using 'hibernate.dialect' (remove the property setting and it will be selected by default)
2024-11-18 18:35:34 [restartedMain] INFO  o.h.e.t.j.p.i.JtaPlatformInitiator - HHH000489: No JTA platform available (set 'hibernate.transaction.jta.platform' to enable JTA platform integration)
2024-11-18 18:35:35 [restartedMain] WARN  o.s.b.a.o.j.JpaBaseConfiguration$JpaWebConfiguration - spring.jpa.open-in-view is enabled by default. Therefore, database queries may be performed during view rendering. Explicitly configure spring.jpa.open-in-view to disable this warning
2024-11-18 18:35:35 [restartedMain] WARN  o.s.b.a.s.s.UserDetailsServiceAutoConfiguration - 

Using generated security password: 51d933d8-82b6-441b-84ac-5675e21c50b0

This generated password is for development use only. Your security configuration must be updated before running your application in production.

2024-11-18 18:35:38 [restartedMain] INFO  o.a.coyote.http11.Http11NioProtocol - Starting ProtocolHandler ["http-nio-8080"]
2024-11-18 18:35:38 [restartedMain] INFO  c.f.FusionAlmereFcApplication - Started FusionAlmereFcApplication in 10.286 seconds (process running for 11.189)
2024-11-18 18:36:00 [http-nio-8080-exec-2] INFO  o.a.c.c.C.[Tomcat].[localhost].[/] - Initializing Spring DispatcherServlet 'dispatcherServlet'
2024-11-18 18:48:40 [restartedMain] INFO  c.f.FusionAlmereFcApplication - Starting FusionAlmereFcApplication using Java 17.0.9 with PID 28172 (C:\Users\Chidozie\gitRepo\fusion-almere-fc\backend\build\classes\java\main started by Chidozie in C:\Users\Chidozie\gitRepo\fusion-almere-fc)
2024-11-18 18:48:40 [restartedMain] DEBUG c.f.FusionAlmereFcApplication - Running with Spring Boot v3.3.5, Spring v6.1.14
2024-11-18 18:48:40 [restartedMain] INFO  c.f.FusionAlmereFcApplication - The following 1 profile is active: "dev"
2024-11-18 18:48:42 [restartedMain] INFO  o.a.coyote.http11.Http11NioProtocol - Initializing ProtocolHandler ["http-nio-8080"]
2024-11-18 18:48:42 [restartedMain] INFO  o.a.catalina.core.StandardService - Starting service [Tomcat]
2024-11-18 18:48:42 [restartedMain] INFO  o.a.catalina.core.StandardEngine - Starting Servlet engine: [Apache Tomcat/10.1.31]
2024-11-18 18:48:42 [restartedMain] INFO  o.a.c.c.C.[Tomcat].[localhost].[/] - Initializing Spring embedded WebApplicationContext
2024-11-18 18:48:43 [restartedMain] INFO  o.h.jpa.internal.util.LogHelper - HHH000204: Processing PersistenceUnitInfo [name: default]
2024-11-18 18:48:43 [restartedMain] INFO  org.hibernate.Version - HHH000412: Hibernate ORM core version 6.5.3.Final
2024-11-18 18:48:43 [restartedMain] INFO  o.h.c.i.RegionFactoryInitiator - HHH000026: Second-level cache disabled
2024-11-18 18:48:43 [restartedMain] INFO  com.zaxxer.hikari.HikariDataSource - HikariPool-1 - Starting...
2024-11-18 18:48:43 [restartedMain] INFO  com.zaxxer.hikari.pool.HikariPool - HikariPool-1 - Added connection org.postgresql.jdbc.PgConnection@628cd89
2024-11-18 18:48:43 [restartedMain] INFO  com.zaxxer.hikari.HikariDataSource - HikariPool-1 - Start completed.
2024-11-18 18:48:43 [restartedMain] WARN  org.hibernate.orm.deprecation - HHH90000025: PostgreSQLDialect does not need to be specified explicitly using 'hibernate.dialect' (remove the property setting and it will be selected by default)
2024-11-18 18:48:44 [restartedMain] INFO  o.h.e.t.j.p.i.JtaPlatformInitiator - HHH000489: No JTA platform available (set 'hibernate.transaction.jta.platform' to enable JTA platform integration)
2024-11-18 18:48:45 [restartedMain] WARN  o.s.b.a.o.j.JpaBaseConfiguration$JpaWebConfiguration - spring.jpa.open-in-view is enabled by default. Therefore, database queries may be performed during view rendering. Explicitly configure spring.jpa.open-in-view to disable this warning
2024-11-18 18:48:45 [restartedMain] WARN  o.s.b.a.s.s.UserDetailsServiceAutoConfiguration - 

Using generated security password: 4e4ae732-b159-4ed6-ae9e-01a40d4a42ec

This generated password is for development use only. Your security configuration must be updated before running your application in production.

2024-11-18 18:48:46 [restartedMain] INFO  o.a.coyote.http11.Http11NioProtocol - Starting ProtocolHandler ["http-nio-8080"]
2024-11-18 18:48:46 [restartedMain] INFO  c.f.FusionAlmereFcApplication - Started FusionAlmereFcApplication in 7.059 seconds (process running for 7.793)
2024-11-18 18:48:49 [RMI TCP Connection(2)-127.0.0.1] INFO  o.a.c.c.C.[Tomcat].[localhost].[/] - Initializing Spring DispatcherServlet 'dispatcherServlet'
2024-11-18 18:49:45 [restartedMain] INFO  c.f.FusionAlmereFcApplication - Starting FusionAlmereFcApplication using Java 17.0.9 with PID 1176 (C:\Users\Chidozie\gitRepo\fusion-almere-fc\backend\build\classes\java\main started by Chidozie in C:\Users\Chidozie\gitRepo\fusion-almere-fc)
2024-11-18 18:49:45 [restartedMain] DEBUG c.f.FusionAlmereFcApplication - Running with Spring Boot v3.3.5, Spring v6.1.14
2024-11-18 18:49:45 [restartedMain] INFO  c.f.FusionAlmereFcApplication - The following 1 profile is active: "dev"
2024-11-18 18:49:47 [restartedMain] INFO  o.a.coyote.http11.Http11NioProtocol - Initializing ProtocolHandler ["http-nio-8080"]
2024-11-18 18:49:47 [restartedMain] INFO  o.a.catalina.core.StandardService - Starting service [Tomcat]
2024-11-18 18:49:47 [restartedMain] INFO  o.a.catalina.core.StandardEngine - Starting Servlet engine: [Apache Tomcat/10.1.31]
2024-11-18 18:49:47 [restartedMain] INFO  o.a.c.c.C.[Tomcat].[localhost].[/] - Initializing Spring embedded WebApplicationContext
2024-11-18 18:49:48 [restartedMain] INFO  o.h.jpa.internal.util.LogHelper - HHH000204: Processing PersistenceUnitInfo [name: default]
2024-11-18 18:49:48 [restartedMain] INFO  org.hibernate.Version - HHH000412: Hibernate ORM core version 6.5.3.Final
2024-11-18 18:49:48 [restartedMain] INFO  o.h.c.i.RegionFactoryInitiator - HHH000026: Second-level cache disabled
2024-11-18 18:49:48 [restartedMain] INFO  com.zaxxer.hikari.HikariDataSource - HikariPool-1 - Starting...
2024-11-18 18:49:48 [restartedMain] INFO  com.zaxxer.hikari.pool.HikariPool - HikariPool-1 - Added connection org.postgresql.jdbc.PgConnection@75436c3b
2024-11-18 18:49:48 [restartedMain] INFO  com.zaxxer.hikari.HikariDataSource - HikariPool-1 - Start completed.
2024-11-18 18:49:49 [restartedMain] WARN  org.hibernate.orm.deprecation - HHH90000025: PostgreSQLDialect does not need to be specified explicitly using 'hibernate.dialect' (remove the property setting and it will be selected by default)
2024-11-18 18:49:50 [restartedMain] INFO  o.h.e.t.j.p.i.JtaPlatformInitiator - HHH000489: No JTA platform available (set 'hibernate.transaction.jta.platform' to enable JTA platform integration)
2024-11-18 18:49:50 [restartedMain] WARN  o.s.b.a.o.j.JpaBaseConfiguration$JpaWebConfiguration - spring.jpa.open-in-view is enabled by default. Therefore, database queries may be performed during view rendering. Explicitly configure spring.jpa.open-in-view to disable this warning
2024-11-18 18:49:50 [restartedMain] WARN  o.s.b.a.s.s.UserDetailsServiceAutoConfiguration - 

Using generated security password: 96b04a10-60b7-4995-bc55-284df711c35a

This generated password is for development use only. Your security configuration must be updated before running your application in production.

2024-11-18 18:49:52 [restartedMain] INFO  o.a.coyote.http11.Http11NioProtocol - Starting ProtocolHandler ["http-nio-8080"]
2024-11-18 18:49:52 [restartedMain] INFO  c.f.FusionAlmereFcApplication - Started FusionAlmereFcApplication in 7.029 seconds (process running for 7.737)
2024-11-18 18:49:54 [RMI TCP Connection(2)-127.0.0.1] INFO  o.a.c.c.C.[Tomcat].[localhost].[/] - Initializing Spring DispatcherServlet 'dispatcherServlet'
2024-11-18 18:50:40 [restartedMain] INFO  c.f.FusionAlmereFcApplication - Starting FusionAlmereFcApplication using Java 17.0.9 with PID 33536 (C:\Users\Chidozie\gitRepo\fusion-almere-fc\backend\build\classes\java\main started by Chidozie in C:\Users\Chidozie\gitRepo\fusion-almere-fc)
2024-11-18 18:50:40 [restartedMain] DEBUG c.f.FusionAlmereFcApplication - Running with Spring Boot v3.3.5, Spring v6.1.14
2024-11-18 18:50:40 [restartedMain] INFO  c.f.FusionAlmereFcApplication - The following 1 profile is active: "dev"
2024-11-18 18:50:42 [restartedMain] INFO  o.a.coyote.http11.Http11NioProtocol - Initializing ProtocolHandler ["http-nio-8080"]
2024-11-18 18:50:42 [restartedMain] INFO  o.a.catalina.core.StandardService - Starting service [Tomcat]
2024-11-18 18:50:42 [restartedMain] INFO  o.a.catalina.core.StandardEngine - Starting Servlet engine: [Apache Tomcat/10.1.31]
2024-11-18 18:50:42 [restartedMain] INFO  o.a.c.c.C.[Tomcat].[localhost].[/] - Initializing Spring embedded WebApplicationContext
2024-11-18 18:50:43 [restartedMain] INFO  o.h.jpa.internal.util.LogHelper - HHH000204: Processing PersistenceUnitInfo [name: default]
2024-11-18 18:50:43 [restartedMain] INFO  org.hibernate.Version - HHH000412: Hibernate ORM core version 6.5.3.Final
2024-11-18 18:50:43 [restartedMain] INFO  o.h.c.i.RegionFactoryInitiator - HHH000026: Second-level cache disabled
2024-11-18 18:50:43 [restartedMain] INFO  com.zaxxer.hikari.HikariDataSource - HikariPool-1 - Starting...
2024-11-18 18:50:43 [restartedMain] INFO  com.zaxxer.hikari.pool.HikariPool - HikariPool-1 - Added connection org.postgresql.jdbc.PgConnection@5c16a937
2024-11-18 18:50:43 [restartedMain] INFO  com.zaxxer.hikari.HikariDataSource - HikariPool-1 - Start completed.
2024-11-18 18:50:43 [restartedMain] WARN  org.hibernate.orm.deprecation - HHH90000025: PostgreSQLDialect does not need to be specified explicitly using 'hibernate.dialect' (remove the property setting and it will be selected by default)
2024-11-18 18:50:44 [restartedMain] INFO  o.h.e.t.j.p.i.JtaPlatformInitiator - HHH000489: No JTA platform available (set 'hibernate.transaction.jta.platform' to enable JTA platform integration)
2024-11-18 18:50:45 [restartedMain] WARN  o.s.b.a.o.j.JpaBaseConfiguration$JpaWebConfiguration - spring.jpa.open-in-view is enabled by default. Therefore, database queries may be performed during view rendering. Explicitly configure spring.jpa.open-in-view to disable this warning
2024-11-18 18:50:45 [restartedMain] WARN  o.s.b.a.s.s.UserDetailsServiceAutoConfiguration - 

Using generated security password: 26a2dcbb-9d8d-4f1b-9477-9dc34a44eaa2

This generated password is for development use only. Your security configuration must be updated before running your application in production.

2024-11-18 18:50:46 [restartedMain] INFO  o.a.coyote.http11.Http11NioProtocol - Starting ProtocolHandler ["http-nio-8080"]
2024-11-18 18:50:46 [restartedMain] INFO  c.f.FusionAlmereFcApplication - Started FusionAlmereFcApplication in 7.455 seconds (process running for 8.68)
2024-11-18 18:50:48 [RMI TCP Connection(2)-127.0.0.1] INFO  o.a.c.c.C.[Tomcat].[localhost].[/] - Initializing Spring DispatcherServlet 'dispatcherServlet'
2024-11-18 18:58:14 [restartedMain] INFO  c.f.FusionAlmereFcApplication - Starting FusionAlmereFcApplication using Java 17.0.9 with PID 32908 (C:\Users\Chidozie\gitRepo\fusion-almere-fc\backend\build\classes\java\main started by Chidozie in C:\Users\Chidozie\gitRepo\fusion-almere-fc)
2024-11-18 18:58:14 [restartedMain] DEBUG c.f.FusionAlmereFcApplication - Running with Spring Boot v3.3.5, Spring v6.1.14
2024-11-18 18:58:14 [restartedMain] INFO  c.f.FusionAlmereFcApplication - The following 1 profile is active: "dev"
2024-11-18 18:58:16 [restartedMain] INFO  o.a.coyote.http11.Http11NioProtocol - Initializing ProtocolHandler ["http-nio-8080"]
2024-11-18 18:58:16 [restartedMain] INFO  o.a.catalina.core.StandardService - Starting service [Tomcat]
2024-11-18 18:58:16 [restartedMain] INFO  o.a.catalina.core.StandardEngine - Starting Servlet engine: [Apache Tomcat/10.1.31]
2024-11-18 18:58:16 [restartedMain] INFO  o.a.c.c.C.[Tomcat].[localhost].[/] - Initializing Spring embedded WebApplicationContext
2024-11-18 18:58:16 [restartedMain] INFO  o.h.jpa.internal.util.LogHelper - HHH000204: Processing PersistenceUnitInfo [name: default]
2024-11-18 18:58:16 [restartedMain] INFO  org.hibernate.Version - HHH000412: Hibernate ORM core version 6.5.3.Final
2024-11-18 18:58:16 [restartedMain] INFO  o.h.c.i.RegionFactoryInitiator - HHH000026: Second-level cache disabled
2024-11-18 18:58:17 [restartedMain] INFO  com.zaxxer.hikari.HikariDataSource - HikariPool-1 - Starting...
2024-11-18 18:58:17 [restartedMain] INFO  com.zaxxer.hikari.pool.HikariPool - HikariPool-1 - Added connection org.postgresql.jdbc.PgConnection@3be8d931
2024-11-18 18:58:17 [restartedMain] INFO  com.zaxxer.hikari.HikariDataSource - HikariPool-1 - Start completed.
2024-11-18 18:58:17 [restartedMain] WARN  org.hibernate.orm.deprecation - HHH90000025: PostgreSQLDialect does not need to be specified explicitly using 'hibernate.dialect' (remove the property setting and it will be selected by default)
2024-11-18 18:58:18 [restartedMain] INFO  o.h.e.t.j.p.i.JtaPlatformInitiator - HHH000489: No JTA platform available (set 'hibernate.transaction.jta.platform' to enable JTA platform integration)
2024-11-18 18:58:19 [restartedMain] WARN  o.s.b.a.o.j.JpaBaseConfiguration$JpaWebConfiguration - spring.jpa.open-in-view is enabled by default. Therefore, database queries may be performed during view rendering. Explicitly configure spring.jpa.open-in-view to disable this warning
2024-11-18 18:58:19 [restartedMain] WARN  o.s.b.a.s.s.UserDetailsServiceAutoConfiguration - 

Using generated security password: 77998470-c2ff-4eb4-a2ec-6e28f52ca189

This generated password is for development use only. Your security configuration must be updated before running your application in production.

2024-11-18 18:58:20 [restartedMain] INFO  o.a.coyote.http11.Http11NioProtocol - Starting ProtocolHandler ["http-nio-8080"]
2024-11-18 18:58:20 [restartedMain] INFO  c.f.FusionAlmereFcApplication - Started FusionAlmereFcApplication in 7.122 seconds (process running for 7.792)
2024-11-18 18:58:22 [RMI TCP Connection(2)-127.0.0.1] INFO  o.a.c.c.C.[Tomcat].[localhost].[/] - Initializing Spring DispatcherServlet 'dispatcherServlet'
2024-11-18 18:59:24 [restartedMain] INFO  c.f.FusionAlmereFcApplication - Starting FusionAlmereFcApplication using Java 17.0.9 with PID 2988 (C:\Users\Chidozie\gitRepo\fusion-almere-fc\backend\build\classes\java\main started by Chidozie in C:\Users\Chidozie\gitRepo\fusion-almere-fc)
2024-11-18 18:59:24 [restartedMain] DEBUG c.f.FusionAlmereFcApplication - Running with Spring Boot v3.3.5, Spring v6.1.14
2024-11-18 18:59:24 [restartedMain] INFO  c.f.FusionAlmereFcApplication - The following 1 profile is active: "dev"
2024-11-18 18:59:26 [restartedMain] INFO  o.a.coyote.http11.Http11NioProtocol - Initializing ProtocolHandler ["http-nio-8080"]
2024-11-18 18:59:26 [restartedMain] INFO  o.a.catalina.core.StandardService - Starting service [Tomcat]
2024-11-18 18:59:26 [restartedMain] INFO  o.a.catalina.core.StandardEngine - Starting Servlet engine: [Apache Tomcat/10.1.31]
2024-11-18 18:59:26 [restartedMain] INFO  o.a.c.c.C.[Tomcat].[localhost].[/] - Initializing Spring embedded WebApplicationContext
2024-11-18 18:59:27 [restartedMain] INFO  o.h.jpa.internal.util.LogHelper - HHH000204: Processing PersistenceUnitInfo [name: default]
2024-11-18 18:59:27 [restartedMain] INFO  org.hibernate.Version - HHH000412: Hibernate ORM core version 6.5.3.Final
2024-11-18 18:59:27 [restartedMain] INFO  o.h.c.i.RegionFactoryInitiator - HHH000026: Second-level cache disabled
2024-11-18 18:59:28 [restartedMain] INFO  com.zaxxer.hikari.HikariDataSource - HikariPool-1 - Starting...
2024-11-18 18:59:28 [restartedMain] INFO  com.zaxxer.hikari.pool.HikariPool - HikariPool-1 - Added connection org.postgresql.jdbc.PgConnection@60273615
2024-11-18 18:59:28 [restartedMain] INFO  com.zaxxer.hikari.HikariDataSource - HikariPool-1 - Start completed.
2024-11-18 18:59:28 [restartedMain] WARN  org.hibernate.orm.deprecation - HHH90000025: PostgreSQLDialect does not need to be specified explicitly using 'hibernate.dialect' (remove the property setting and it will be selected by default)
2024-11-18 18:59:29 [restartedMain] INFO  o.h.e.t.j.p.i.JtaPlatformInitiator - HHH000489: No JTA platform available (set 'hibernate.transaction.jta.platform' to enable JTA platform integration)
2024-11-18 18:59:30 [restartedMain] WARN  o.s.b.a.o.j.JpaBaseConfiguration$JpaWebConfiguration - spring.jpa.open-in-view is enabled by default. Therefore, database queries may be performed during view rendering. Explicitly configure spring.jpa.open-in-view to disable this warning
2024-11-18 18:59:30 [restartedMain] WARN  o.s.b.a.s.s.UserDetailsServiceAutoConfiguration - 

Using generated security password: 6da47c43-0cb0-4591-bd7c-3a56977f9416

This generated password is for development use only. Your security configuration must be updated before running your application in production.

2024-11-18 18:59:31 [restartedMain] INFO  o.a.coyote.http11.Http11NioProtocol - Starting ProtocolHandler ["http-nio-8080"]
2024-11-18 18:59:31 [restartedMain] INFO  c.f.FusionAlmereFcApplication - Started FusionAlmereFcApplication in 8.013 seconds (process running for 8.996)
2024-11-18 18:59:32 [RMI TCP Connection(2)-127.0.0.1] INFO  o.a.c.c.C.[Tomcat].[localhost].[/] - Initializing Spring DispatcherServlet 'dispatcherServlet'
2024-11-18 18:59:41 [http-nio-8080-exec-1] INFO  c.f.c.FusionAlmereFcController - Home page is loaded
2024-11-18 19:02:24 [restartedMain] INFO  c.f.FusionAlmereFcApplication - Starting FusionAlmereFcApplication using Java 17.0.9 with PID 12788 (C:\Users\Chidozie\gitRepo\fusion-almere-fc\backend\build\classes\java\main started by Chidozie in C:\Users\Chidozie\gitRepo\fusion-almere-fc)
2024-11-18 19:02:24 [restartedMain] DEBUG c.f.FusionAlmereFcApplication - Running with Spring Boot v3.3.5, Spring v6.1.14
2024-11-18 19:02:24 [restartedMain] INFO  c.f.FusionAlmereFcApplication - The following 1 profile is active: "dev"
2024-11-18 19:02:26 [restartedMain] INFO  o.a.coyote.http11.Http11NioProtocol - Initializing ProtocolHandler ["http-nio-8080"]
2024-11-18 19:02:26 [restartedMain] INFO  o.a.catalina.core.StandardService - Starting service [Tomcat]
2024-11-18 19:02:26 [restartedMain] INFO  o.a.catalina.core.StandardEngine - Starting Servlet engine: [Apache Tomcat/10.1.31]
2024-11-18 19:02:26 [restartedMain] INFO  o.a.c.c.C.[Tomcat].[localhost].[/] - Initializing Spring embedded WebApplicationContext
2024-11-18 19:02:27 [restartedMain] INFO  o.h.jpa.internal.util.LogHelper - HHH000204: Processing PersistenceUnitInfo [name: default]
2024-11-18 19:02:27 [restartedMain] INFO  org.hibernate.Version - HHH000412: Hibernate ORM core version 6.5.3.Final
2024-11-18 19:02:27 [restartedMain] INFO  o.h.c.i.RegionFactoryInitiator - HHH000026: Second-level cache disabled
2024-11-18 19:02:27 [restartedMain] INFO  com.zaxxer.hikari.HikariDataSource - HikariPool-1 - Starting...
2024-11-18 19:02:28 [restartedMain] INFO  com.zaxxer.hikari.pool.HikariPool - HikariPool-1 - Added connection org.postgresql.jdbc.PgConnection@277067f0
2024-11-18 19:02:28 [restartedMain] INFO  com.zaxxer.hikari.HikariDataSource - HikariPool-1 - Start completed.
2024-11-18 19:02:28 [restartedMain] WARN  org.hibernate.orm.deprecation - HHH90000025: PostgreSQLDialect does not need to be specified explicitly using 'hibernate.dialect' (remove the property setting and it will be selected by default)
2024-11-18 19:02:29 [restartedMain] INFO  o.h.e.t.j.p.i.JtaPlatformInitiator - HHH000489: No JTA platform available (set 'hibernate.transaction.jta.platform' to enable JTA platform integration)
2024-11-18 19:02:29 [restartedMain] WARN  o.s.b.a.o.j.JpaBaseConfiguration$JpaWebConfiguration - spring.jpa.open-in-view is enabled by default. Therefore, database queries may be performed during view rendering. Explicitly configure spring.jpa.open-in-view to disable this warning
2024-11-18 19:02:29 [restartedMain] WARN  o.s.b.a.s.s.UserDetailsServiceAutoConfiguration - 

Using generated security password: 2908e600-3d2a-4b9a-9cdc-38051af36b53

This generated password is for development use only. Your security configuration must be updated before running your application in production.

2024-11-18 19:02:31 [restartedMain] INFO  o.a.coyote.http11.Http11NioProtocol - Starting ProtocolHandler ["http-nio-8080"]
2024-11-18 19:02:31 [restartedMain] INFO  c.f.FusionAlmereFcApplication - Started FusionAlmereFcApplication in 7.182 seconds (process running for 7.903)
2024-11-18 19:02:33 [RMI TCP Connection(2)-127.0.0.1] INFO  o.a.c.c.C.[Tomcat].[localhost].[/] - Initializing Spring DispatcherServlet 'dispatcherServlet'
2024-11-18 19:03:20 [restartedMain] INFO  c.f.FusionAlmereFcApplication - Starting FusionAlmereFcApplication using Java 17.0.9 with PID 31936 (C:\Users\Chidozie\gitRepo\fusion-almere-fc\backend\build\classes\java\main started by Chidozie in C:\Users\Chidozie\gitRepo\fusion-almere-fc)
2024-11-18 19:03:20 [restartedMain] DEBUG c.f.FusionAlmereFcApplication - Running with Spring Boot v3.3.5, Spring v6.1.14
2024-11-18 19:03:20 [restartedMain] INFO  c.f.FusionAlmereFcApplication - The following 1 profile is active: "dev"
2024-11-18 19:03:23 [restartedMain] INFO  o.a.coyote.http11.Http11NioProtocol - Initializing ProtocolHandler ["http-nio-8080"]
2024-11-18 19:03:23 [restartedMain] INFO  o.a.catalina.core.StandardService - Starting service [Tomcat]
2024-11-18 19:03:23 [restartedMain] INFO  o.a.catalina.core.StandardEngine - Starting Servlet engine: [Apache Tomcat/10.1.31]
2024-11-18 19:03:23 [restartedMain] INFO  o.a.c.c.C.[Tomcat].[localhost].[/] - Initializing Spring embedded WebApplicationContext
2024-11-18 19:03:23 [restartedMain] INFO  o.h.jpa.internal.util.LogHelper - HHH000204: Processing PersistenceUnitInfo [name: default]
2024-11-18 19:03:23 [restartedMain] INFO  org.hibernate.Version - HHH000412: Hibernate ORM core version 6.5.3.Final
2024-11-18 19:03:23 [restartedMain] INFO  o.h.c.i.RegionFactoryInitiator - HHH000026: Second-level cache disabled
2024-11-18 19:03:24 [restartedMain] INFO  com.zaxxer.hikari.HikariDataSource - HikariPool-1 - Starting...
2024-11-18 19:03:24 [restartedMain] INFO  com.zaxxer.hikari.pool.HikariPool - HikariPool-1 - Added connection org.postgresql.jdbc.PgConnection@474fbb60
2024-11-18 19:03:24 [restartedMain] INFO  com.zaxxer.hikari.HikariDataSource - HikariPool-1 - Start completed.
2024-11-18 19:03:24 [restartedMain] WARN  org.hibernate.orm.deprecation - HHH90000025: PostgreSQLDialect does not need to be specified explicitly using 'hibernate.dialect' (remove the property setting and it will be selected by default)
2024-11-18 19:03:25 [restartedMain] INFO  o.h.e.t.j.p.i.JtaPlatformInitiator - HHH000489: No JTA platform available (set 'hibernate.transaction.jta.platform' to enable JTA platform integration)
2024-11-18 19:03:26 [restartedMain] WARN  o.s.b.a.o.j.JpaBaseConfiguration$JpaWebConfiguration - spring.jpa.open-in-view is enabled by default. Therefore, database queries may be performed during view rendering. Explicitly configure spring.jpa.open-in-view to disable this warning
2024-11-18 19:03:26 [restartedMain] WARN  o.s.b.a.s.s.UserDetailsServiceAutoConfiguration - 

Using generated security password: 6d3556b8-9757-4e1a-8862-6eb26076195f

This generated password is for development use only. Your security configuration must be updated before running your application in production.

2024-11-18 19:03:27 [restartedMain] INFO  o.a.coyote.http11.Http11NioProtocol - Starting ProtocolHandler ["http-nio-8080"]
2024-11-18 19:03:27 [restartedMain] INFO  c.f.FusionAlmereFcApplication - Started FusionAlmereFcApplication in 7.429 seconds (process running for 8.338)
2024-11-18 19:03:29 [RMI TCP Connection(2)-127.0.0.1] INFO  o.a.c.c.C.[Tomcat].[localhost].[/] - Initializing Spring DispatcherServlet 'dispatcherServlet'
2024-11-18 19:09:54 [restartedMain] INFO  c.f.FusionAlmereFcApplication - Starting FusionAlmereFcApplication using Java 17.0.9 with PID 23504 (C:\Users\Chidozie\gitRepo\fusion-almere-fc\backend\build\classes\java\main started by Chidozie in C:\Users\Chidozie\gitRepo\fusion-almere-fc)
2024-11-18 19:09:54 [restartedMain] DEBUG c.f.FusionAlmereFcApplication - Running with Spring Boot v3.3.5, Spring v6.1.14
2024-11-18 19:09:54 [restartedMain] INFO  c.f.FusionAlmereFcApplication - The following 1 profile is active: "dev"
2024-11-18 19:09:56 [restartedMain] INFO  o.a.coyote.http11.Http11NioProtocol - Initializing ProtocolHandler ["http-nio-8080"]
2024-11-18 19:09:56 [restartedMain] INFO  o.a.catalina.core.StandardService - Starting service [Tomcat]
2024-11-18 19:09:56 [restartedMain] INFO  o.a.catalina.core.StandardEngine - Starting Servlet engine: [Apache Tomcat/10.1.31]
2024-11-18 19:09:57 [restartedMain] INFO  o.a.c.c.C.[Tomcat].[localhost].[/] - Initializing Spring embedded WebApplicationContext
2024-11-18 19:09:57 [restartedMain] INFO  o.h.jpa.internal.util.LogHelper - HHH000204: Processing PersistenceUnitInfo [name: default]
2024-11-18 19:09:57 [restartedMain] INFO  org.hibernate.Version - HHH000412: Hibernate ORM core version 6.5.3.Final
2024-11-18 19:09:57 [restartedMain] INFO  o.h.c.i.RegionFactoryInitiator - HHH000026: Second-level cache disabled
2024-11-18 19:09:58 [restartedMain] INFO  com.zaxxer.hikari.HikariDataSource - HikariPool-1 - Starting...
2024-11-18 19:09:58 [restartedMain] INFO  com.zaxxer.hikari.pool.HikariPool - HikariPool-1 - Added connection org.postgresql.jdbc.PgConnection@637f408a
2024-11-18 19:09:58 [restartedMain] INFO  com.zaxxer.hikari.HikariDataSource - HikariPool-1 - Start completed.
2024-11-18 19:09:58 [restartedMain] WARN  org.hibernate.orm.deprecation - HHH90000025: PostgreSQLDialect does not need to be specified explicitly using 'hibernate.dialect' (remove the property setting and it will be selected by default)
2024-11-18 19:09:59 [restartedMain] INFO  o.h.e.t.j.p.i.JtaPlatformInitiator - HHH000489: No JTA platform available (set 'hibernate.transaction.jta.platform' to enable JTA platform integration)
2024-11-18 19:10:00 [restartedMain] WARN  o.s.b.a.o.j.JpaBaseConfiguration$JpaWebConfiguration - spring.jpa.open-in-view is enabled by default. Therefore, database queries may be performed during view rendering. Explicitly configure spring.jpa.open-in-view to disable this warning
2024-11-18 19:10:00 [restartedMain] WARN  o.s.b.a.s.s.UserDetailsServiceAutoConfiguration - 

Using generated security password: 5b833e3f-3823-4104-b47b-77d07e273547

This generated password is for development use only. Your security configuration must be updated before running your application in production.

2024-11-18 19:10:01 [restartedMain] INFO  o.a.coyote.http11.Http11NioProtocol - Starting ProtocolHandler ["http-nio-8080"]
2024-11-18 19:10:01 [restartedMain] INFO  c.f.FusionAlmereFcApplication - Started FusionAlmereFcApplication in 7.3 seconds (process running for 7.971)
2024-11-18 19:10:03 [RMI TCP Connection(2)-127.0.0.1] INFO  o.a.c.c.C.[Tomcat].[localhost].[/] - Initializing Spring DispatcherServlet 'dispatcherServlet'
2024-11-18 19:10:52 [restartedMain] INFO  c.f.FusionAlmereFcApplication - Starting FusionAlmereFcApplication using Java 17.0.9 with PID 25836 (C:\Users\Chidozie\gitRepo\fusion-almere-fc\backend\build\classes\java\main started by Chidozie in C:\Users\Chidozie\gitRepo\fusion-almere-fc)
2024-11-18 19:10:52 [restartedMain] DEBUG c.f.FusionAlmereFcApplication - Running with Spring Boot v3.3.5, Spring v6.1.14
2024-11-18 19:10:52 [restartedMain] INFO  c.f.FusionAlmereFcApplication - The following 1 profile is active: "dev"
2024-11-18 19:10:54 [restartedMain] INFO  o.a.coyote.http11.Http11NioProtocol - Initializing ProtocolHandler ["http-nio-8080"]
2024-11-18 19:10:54 [restartedMain] INFO  o.a.catalina.core.StandardService - Starting service [Tomcat]
2024-11-18 19:10:54 [restartedMain] INFO  o.a.catalina.core.StandardEngine - Starting Servlet engine: [Apache Tomcat/10.1.31]
2024-11-18 19:10:54 [restartedMain] INFO  o.a.c.c.C.[Tomcat].[localhost].[/] - Initializing Spring embedded WebApplicationContext
2024-11-18 19:10:55 [restartedMain] INFO  o.h.jpa.internal.util.LogHelper - HHH000204: Processing PersistenceUnitInfo [name: default]
2024-11-18 19:10:55 [restartedMain] INFO  org.hibernate.Version - HHH000412: Hibernate ORM core version 6.5.3.Final
2024-11-18 19:10:55 [restartedMain] INFO  o.h.c.i.RegionFactoryInitiator - HHH000026: Second-level cache disabled
2024-11-18 19:10:55 [restartedMain] INFO  com.zaxxer.hikari.HikariDataSource - HikariPool-1 - Starting...
2024-11-18 19:10:55 [restartedMain] INFO  com.zaxxer.hikari.pool.HikariPool - HikariPool-1 - Added connection org.postgresql.jdbc.PgConnection@46d36579
2024-11-18 19:10:55 [restartedMain] INFO  com.zaxxer.hikari.HikariDataSource - HikariPool-1 - Start completed.
2024-11-18 19:10:55 [restartedMain] WARN  org.hibernate.orm.deprecation - HHH90000025: PostgreSQLDialect does not need to be specified explicitly using 'hibernate.dialect' (remove the property setting and it will be selected by default)
2024-11-18 19:10:57 [restartedMain] INFO  o.h.e.t.j.p.i.JtaPlatformInitiator - HHH000489: No JTA platform available (set 'hibernate.transaction.jta.platform' to enable JTA platform integration)
2024-11-18 19:10:57 [restartedMain] WARN  o.s.b.a.o.j.JpaBaseConfiguration$JpaWebConfiguration - spring.jpa.open-in-view is enabled by default. Therefore, database queries may be performed during view rendering. Explicitly configure spring.jpa.open-in-view to disable this warning
2024-11-18 19:10:57 [restartedMain] WARN  o.s.b.a.s.s.UserDetailsServiceAutoConfiguration - 

Using generated security password: 65747b4c-b32d-4c3a-9992-b52d888b3819

This generated password is for development use only. Your security configuration must be updated before running your application in production.

2024-11-18 19:10:58 [restartedMain] INFO  o.a.coyote.http11.Http11NioProtocol - Starting ProtocolHandler ["http-nio-8080"]
2024-11-18 19:10:58 [restartedMain] INFO  c.f.FusionAlmereFcApplication - Started FusionAlmereFcApplication in 7.288 seconds (process running for 8.204)
2024-11-18 19:11:00 [RMI TCP Connection(2)-127.0.0.1] INFO  o.a.c.c.C.[Tomcat].[localhost].[/] - Initializing Spring DispatcherServlet 'dispatcherServlet'
2024-11-18 19:22:50 [restartedMain] INFO  c.f.FusionAlmereFcApplication - Starting FusionAlmereFcApplication using Java 17.0.9 with PID 32780 (C:\Users\Chidozie\gitRepo\fusion-almere-fc\backend\build\classes\java\main started by Chidozie in C:\Users\Chidozie\gitRepo\fusion-almere-fc)
2024-11-18 19:22:50 [restartedMain] DEBUG c.f.FusionAlmereFcApplication - Running with Spring Boot v3.3.5, Spring v6.1.14
2024-11-18 19:22:50 [restartedMain] INFO  c.f.FusionAlmereFcApplication - The following 1 profile is active: "dev"
2024-11-18 19:22:53 [restartedMain] INFO  o.a.coyote.http11.Http11NioProtocol - Initializing ProtocolHandler ["http-nio-8080"]
2024-11-18 19:22:53 [restartedMain] INFO  o.a.catalina.core.StandardService - Starting service [Tomcat]
2024-11-18 19:22:53 [restartedMain] INFO  o.a.catalina.core.StandardEngine - Starting Servlet engine: [Apache Tomcat/10.1.31]
2024-11-18 19:22:53 [restartedMain] INFO  o.a.c.c.C.[Tomcat].[localhost].[/] - Initializing Spring embedded WebApplicationContext
2024-11-18 19:22:53 [restartedMain] INFO  o.h.jpa.internal.util.LogHelper - HHH000204: Processing PersistenceUnitInfo [name: default]
2024-11-18 19:22:53 [restartedMain] INFO  org.hibernate.Version - HHH000412: Hibernate ORM core version 6.5.3.Final
2024-11-18 19:22:53 [restartedMain] INFO  o.h.c.i.RegionFactoryInitiator - HHH000026: Second-level cache disabled
2024-11-18 19:22:54 [restartedMain] INFO  com.zaxxer.hikari.HikariDataSource - HikariPool-1 - Starting...
2024-11-18 19:22:54 [restartedMain] INFO  com.zaxxer.hikari.pool.HikariPool - HikariPool-1 - Added connection org.postgresql.jdbc.PgConnection@7a282fc1
2024-11-18 19:22:54 [restartedMain] INFO  com.zaxxer.hikari.HikariDataSource - HikariPool-1 - Start completed.
2024-11-18 19:22:54 [restartedMain] WARN  org.hibernate.orm.deprecation - HHH90000025: PostgreSQLDialect does not need to be specified explicitly using 'hibernate.dialect' (remove the property setting and it will be selected by default)
2024-11-18 19:22:55 [restartedMain] INFO  o.h.e.t.j.p.i.JtaPlatformInitiator - HHH000489: No JTA platform available (set 'hibernate.transaction.jta.platform' to enable JTA platform integration)
2024-11-18 19:22:56 [restartedMain] WARN  o.s.b.a.o.j.JpaBaseConfiguration$JpaWebConfiguration - spring.jpa.open-in-view is enabled by default. Therefore, database queries may be performed during view rendering. Explicitly configure spring.jpa.open-in-view to disable this warning
2024-11-18 19:22:56 [restartedMain] WARN  o.s.b.a.s.s.UserDetailsServiceAutoConfiguration - 

Using generated security password: 0d7fca19-223d-45b4-80d2-3d0c387bfc00

This generated password is for development use only. Your security configuration must be updated before running your application in production.

2024-11-18 19:22:57 [restartedMain] INFO  o.a.coyote.http11.Http11NioProtocol - Starting ProtocolHandler ["http-nio-8080"]
2024-11-18 19:22:57 [restartedMain] INFO  c.f.FusionAlmereFcApplication - Started FusionAlmereFcApplication in 7.222 seconds (process running for 7.911)
2024-11-18 19:22:59 [RMI TCP Connection(2)-127.0.0.1] INFO  o.a.c.c.C.[Tomcat].[localhost].[/] - Initializing Spring DispatcherServlet 'dispatcherServlet'
2024-11-18 19:23:24 [restartedMain] INFO  c.f.FusionAlmereFcApplication - Starting FusionAlmereFcApplication using Java 17.0.9 with PID 22712 (C:\Users\Chidozie\gitRepo\fusion-almere-fc\backend\build\classes\java\main started by Chidozie in C:\Users\Chidozie\gitRepo\fusion-almere-fc)
2024-11-18 19:23:24 [restartedMain] DEBUG c.f.FusionAlmereFcApplication - Running with Spring Boot v3.3.5, Spring v6.1.14
2024-11-18 19:23:24 [restartedMain] INFO  c.f.FusionAlmereFcApplication - The following 1 profile is active: "dev"
2024-11-18 19:23:26 [restartedMain] INFO  o.a.coyote.http11.Http11NioProtocol - Initializing ProtocolHandler ["http-nio-8080"]
2024-11-18 19:23:26 [restartedMain] INFO  o.a.catalina.core.StandardService - Starting service [Tomcat]
2024-11-18 19:23:26 [restartedMain] INFO  o.a.catalina.core.StandardEngine - Starting Servlet engine: [Apache Tomcat/10.1.31]
2024-11-18 19:23:26 [restartedMain] INFO  o.a.c.c.C.[Tomcat].[localhost].[/] - Initializing Spring embedded WebApplicationContext
2024-11-18 19:23:27 [restartedMain] INFO  o.h.jpa.internal.util.LogHelper - HHH000204: Processing PersistenceUnitInfo [name: default]
2024-11-18 19:23:27 [restartedMain] INFO  org.hibernate.Version - HHH000412: Hibernate ORM core version 6.5.3.Final
2024-11-18 19:23:27 [restartedMain] INFO  o.h.c.i.RegionFactoryInitiator - HHH000026: Second-level cache disabled
2024-11-18 19:23:27 [restartedMain] INFO  com.zaxxer.hikari.HikariDataSource - HikariPool-1 - Starting...
2024-11-18 19:23:28 [restartedMain] INFO  com.zaxxer.hikari.pool.HikariPool - HikariPool-1 - Added connection org.postgresql.jdbc.PgConnection@1067a0a
2024-11-18 19:23:28 [restartedMain] INFO  com.zaxxer.hikari.HikariDataSource - HikariPool-1 - Start completed.
2024-11-18 19:23:28 [restartedMain] WARN  org.hibernate.orm.deprecation - HHH90000025: PostgreSQLDialect does not need to be specified explicitly using 'hibernate.dialect' (remove the property setting and it will be selected by default)
2024-11-18 19:23:29 [restartedMain] INFO  o.h.e.t.j.p.i.JtaPlatformInitiator - HHH000489: No JTA platform available (set 'hibernate.transaction.jta.platform' to enable JTA platform integration)
2024-11-18 19:23:29 [restartedMain] WARN  o.s.b.a.o.j.JpaBaseConfiguration$JpaWebConfiguration - spring.jpa.open-in-view is enabled by default. Therefore, database queries may be performed during view rendering. Explicitly configure spring.jpa.open-in-view to disable this warning
2024-11-18 19:23:29 [restartedMain] WARN  o.s.b.a.s.s.UserDetailsServiceAutoConfiguration - 

Using generated security password: 13848d41-7431-4b78-9580-9b37608c1a2b

This generated password is for development use only. Your security configuration must be updated before running your application in production.

2024-11-18 19:23:31 [restartedMain] INFO  o.a.coyote.http11.Http11NioProtocol - Starting ProtocolHandler ["http-nio-8080"]
2024-11-18 19:23:31 [restartedMain] INFO  c.f.FusionAlmereFcApplication - Started FusionAlmereFcApplication in 7.172 seconds (process running for 7.886)
2024-11-18 19:23:33 [RMI TCP Connection(2)-127.0.0.1] INFO  o.a.c.c.C.[Tomcat].[localhost].[/] - Initializing Spring DispatcherServlet 'dispatcherServlet'
2024-11-18 19:28:13 [restartedMain] INFO  c.f.FusionAlmereFcApplication - Starting FusionAlmereFcApplication using Java 17.0.9 with PID 8580 (C:\Users\Chidozie\gitRepo\fusion-almere-fc\backend\build\classes\java\main started by Chidozie in C:\Users\Chidozie\gitRepo\fusion-almere-fc)
2024-11-18 19:28:13 [restartedMain] DEBUG c.f.FusionAlmereFcApplication - Running with Spring Boot v3.3.5, Spring v6.1.14
2024-11-18 19:28:13 [restartedMain] INFO  c.f.FusionAlmereFcApplication - The following 1 profile is active: "dev"
2024-11-18 19:28:15 [restartedMain] INFO  o.a.coyote.http11.Http11NioProtocol - Initializing ProtocolHandler ["http-nio-8080"]
2024-11-18 19:28:15 [restartedMain] INFO  o.a.catalina.core.StandardService - Starting service [Tomcat]
2024-11-18 19:28:15 [restartedMain] INFO  o.a.catalina.core.StandardEngine - Starting Servlet engine: [Apache Tomcat/10.1.31]
2024-11-18 19:28:15 [restartedMain] INFO  o.a.c.c.C.[Tomcat].[localhost].[/] - Initializing Spring embedded WebApplicationContext
2024-11-18 19:28:16 [restartedMain] INFO  o.h.jpa.internal.util.LogHelper - HHH000204: Processing PersistenceUnitInfo [name: default]
2024-11-18 19:28:16 [restartedMain] INFO  org.hibernate.Version - HHH000412: Hibernate ORM core version 6.5.3.Final
2024-11-18 19:28:16 [restartedMain] INFO  o.h.c.i.RegionFactoryInitiator - HHH000026: Second-level cache disabled
2024-11-18 19:28:16 [restartedMain] INFO  com.zaxxer.hikari.HikariDataSource - HikariPool-1 - Starting...
2024-11-18 19:28:16 [restartedMain] INFO  com.zaxxer.hikari.pool.HikariPool - HikariPool-1 - Added connection org.postgresql.jdbc.PgConnection@474fbb60
2024-11-18 19:28:16 [restartedMain] INFO  com.zaxxer.hikari.HikariDataSource - HikariPool-1 - Start completed.
2024-11-18 19:28:16 [restartedMain] WARN  org.hibernate.orm.deprecation - HHH90000025: PostgreSQLDialect does not need to be specified explicitly using 'hibernate.dialect' (remove the property setting and it will be selected by default)
2024-11-18 19:28:18 [restartedMain] INFO  o.h.e.t.j.p.i.JtaPlatformInitiator - HHH000489: No JTA platform available (set 'hibernate.transaction.jta.platform' to enable JTA platform integration)
2024-11-18 19:28:18 [restartedMain] WARN  o.s.b.a.o.j.JpaBaseConfiguration$JpaWebConfiguration - spring.jpa.open-in-view is enabled by default. Therefore, database queries may be performed during view rendering. Explicitly configure spring.jpa.open-in-view to disable this warning
2024-11-18 19:28:18 [restartedMain] WARN  o.s.b.a.s.s.UserDetailsServiceAutoConfiguration - 

Using generated security password: 45e6127e-895a-495a-a44f-a69a76745e8a

This generated password is for development use only. Your security configuration must be updated before running your application in production.

2024-11-18 19:28:19 [restartedMain] INFO  o.a.coyote.http11.Http11NioProtocol - Starting ProtocolHandler ["http-nio-8080"]
2024-11-18 19:28:20 [restartedMain] INFO  c.f.FusionAlmereFcApplication - Started FusionAlmereFcApplication in 7.243 seconds (process running for 8.146)
2024-11-18 19:28:21 [RMI TCP Connection(2)-127.0.0.1] INFO  o.a.c.c.C.[Tomcat].[localhost].[/] - Initializing Spring DispatcherServlet 'dispatcherServlet'
2024-11-18 19:46:30 [restartedMain] INFO  c.f.FusionAlmereFcApplication - Starting FusionAlmereFcApplication using Java 17.0.9 with PID 8420 (C:\Users\Chidozie\gitRepo\fusion-almere-fc\backend\build\classes\java\main started by Chidozie in C:\Users\Chidozie\gitRepo\fusion-almere-fc)
2024-11-18 19:46:30 [restartedMain] DEBUG c.f.FusionAlmereFcApplication - Running with Spring Boot v3.3.5, Spring v6.1.14
2024-11-18 19:46:30 [restartedMain] INFO  c.f.FusionAlmereFcApplication - The following 1 profile is active: "dev"
2024-11-18 19:46:32 [restartedMain] INFO  o.a.coyote.http11.Http11NioProtocol - Initializing ProtocolHandler ["http-nio-8080"]
2024-11-18 19:46:32 [restartedMain] INFO  o.a.catalina.core.StandardService - Starting service [Tomcat]
2024-11-18 19:46:32 [restartedMain] INFO  o.a.catalina.core.StandardEngine - Starting Servlet engine: [Apache Tomcat/10.1.31]
2024-11-18 19:46:33 [restartedMain] INFO  o.a.c.c.C.[Tomcat].[localhost].[/] - Initializing Spring embedded WebApplicationContext
2024-11-18 19:46:33 [restartedMain] INFO  o.h.jpa.internal.util.LogHelper - HHH000204: Processing PersistenceUnitInfo [name: default]
2024-11-18 19:46:33 [restartedMain] INFO  org.hibernate.Version - HHH000412: Hibernate ORM core version 6.5.3.Final
2024-11-18 19:46:33 [restartedMain] INFO  o.h.c.i.RegionFactoryInitiator - HHH000026: Second-level cache disabled
2024-11-18 19:46:33 [restartedMain] INFO  com.zaxxer.hikari.HikariDataSource - HikariPool-1 - Starting...
2024-11-18 19:46:34 [restartedMain] INFO  com.zaxxer.hikari.pool.HikariPool - HikariPool-1 - Added connection org.postgresql.jdbc.PgConnection@1b36bbad
2024-11-18 19:46:34 [restartedMain] INFO  com.zaxxer.hikari.HikariDataSource - HikariPool-1 - Start completed.
2024-11-18 19:46:34 [restartedMain] WARN  org.hibernate.orm.deprecation - HHH90000025: PostgreSQLDialect does not need to be specified explicitly using 'hibernate.dialect' (remove the property setting and it will be selected by default)
2024-11-18 19:46:35 [restartedMain] INFO  o.h.e.t.j.p.i.JtaPlatformInitiator - HHH000489: No JTA platform available (set 'hibernate.transaction.jta.platform' to enable JTA platform integration)
2024-11-18 19:46:35 [restartedMain] WARN  o.s.b.a.o.j.JpaBaseConfiguration$JpaWebConfiguration - spring.jpa.open-in-view is enabled by default. Therefore, database queries may be performed during view rendering. Explicitly configure spring.jpa.open-in-view to disable this warning
2024-11-18 19:46:36 [restartedMain] WARN  o.s.b.a.s.s.UserDetailsServiceAutoConfiguration - 

Using generated security password: 11a20d1f-ce76-40b7-bb40-dab4142beb2b

This generated password is for development use only. Your security configuration must be updated before running your application in production.

2024-11-18 19:46:37 [restartedMain] INFO  o.a.coyote.http11.Http11NioProtocol - Starting ProtocolHandler ["http-nio-8080"]
2024-11-18 19:46:37 [restartedMain] INFO  c.f.FusionAlmereFcApplication - Started FusionAlmereFcApplication in 7.189 seconds (process running for 7.876)
2024-11-18 19:46:39 [RMI TCP Connection(2)-127.0.0.1] INFO  o.a.c.c.C.[Tomcat].[localhost].[/] - Initializing Spring DispatcherServlet 'dispatcherServlet'
2024-11-18 19:55:28 [restartedMain] INFO  c.f.FusionAlmereFcApplication - Starting FusionAlmereFcApplication using Java 17.0.9 with PID 6284 (C:\Users\Chidozie\gitRepo\fusion-almere-fc\backend\build\classes\java\main started by Chidozie in C:\Users\Chidozie\gitRepo\fusion-almere-fc)
2024-11-18 19:55:28 [restartedMain] DEBUG c.f.FusionAlmereFcApplication - Running with Spring Boot v3.3.5, Spring v6.1.14
2024-11-18 19:55:28 [restartedMain] INFO  c.f.FusionAlmereFcApplication - The following 1 profile is active: "dev"
2024-11-18 19:55:31 [restartedMain] INFO  o.a.coyote.http11.Http11NioProtocol - Initializing ProtocolHandler ["http-nio-8080"]
2024-11-18 19:55:31 [restartedMain] INFO  o.a.catalina.core.StandardService - Starting service [Tomcat]
2024-11-18 19:55:31 [restartedMain] INFO  o.a.catalina.core.StandardEngine - Starting Servlet engine: [Apache Tomcat/10.1.31]
2024-11-18 19:55:31 [restartedMain] INFO  o.a.c.c.C.[Tomcat].[localhost].[/] - Initializing Spring embedded WebApplicationContext
2024-11-18 19:55:31 [restartedMain] INFO  o.h.jpa.internal.util.LogHelper - HHH000204: Processing PersistenceUnitInfo [name: default]
2024-11-18 19:55:31 [restartedMain] INFO  org.hibernate.Version - HHH000412: Hibernate ORM core version 6.5.3.Final
2024-11-18 19:55:31 [restartedMain] INFO  o.h.c.i.RegionFactoryInitiator - HHH000026: Second-level cache disabled
2024-11-18 19:55:32 [restartedMain] INFO  com.zaxxer.hikari.HikariDataSource - HikariPool-1 - Starting...
2024-11-18 19:55:32 [restartedMain] INFO  com.zaxxer.hikari.pool.HikariPool - HikariPool-1 - Added connection org.postgresql.jdbc.PgConnection@684e9a39
2024-11-18 19:55:32 [restartedMain] INFO  com.zaxxer.hikari.HikariDataSource - HikariPool-1 - Start completed.
2024-11-18 19:55:32 [restartedMain] WARN  org.hibernate.orm.deprecation - HHH90000025: PostgreSQLDialect does not need to be specified explicitly using 'hibernate.dialect' (remove the property setting and it will be selected by default)
2024-11-18 19:55:33 [restartedMain] INFO  o.h.e.t.j.p.i.JtaPlatformInitiator - HHH000489: No JTA platform available (set 'hibernate.transaction.jta.platform' to enable JTA platform integration)
2024-11-18 19:55:34 [restartedMain] WARN  o.s.b.a.o.j.JpaBaseConfiguration$JpaWebConfiguration - spring.jpa.open-in-view is enabled by default. Therefore, database queries may be performed during view rendering. Explicitly configure spring.jpa.open-in-view to disable this warning
2024-11-18 19:55:34 [restartedMain] WARN  o.s.b.a.s.s.UserDetailsServiceAutoConfiguration - 

Using generated security password: 69b4cf9f-e675-4716-9e5e-890a701e9706

This generated password is for development use only. Your security configuration must be updated before running your application in production.

2024-11-18 19:55:35 [restartedMain] INFO  o.a.coyote.http11.Http11NioProtocol - Starting ProtocolHandler ["http-nio-8080"]
2024-11-18 19:55:35 [restartedMain] INFO  c.f.FusionAlmereFcApplication - Started FusionAlmereFcApplication in 7.041 seconds (process running for 7.718)
2024-11-18 19:55:37 [RMI TCP Connection(2)-127.0.0.1] INFO  o.a.c.c.C.[Tomcat].[localhost].[/] - Initializing Spring DispatcherServlet 'dispatcherServlet'
2024-11-18 19:57:34 [restartedMain] INFO  c.f.FusionAlmereFcApplication - Starting FusionAlmereFcApplication using Java 17.0.9 with PID 6660 (C:\Users\Chidozie\gitRepo\fusion-almere-fc\backend\build\classes\java\main started by Chidozie in C:\Users\Chidozie\gitRepo\fusion-almere-fc)
2024-11-18 19:57:34 [restartedMain] DEBUG c.f.FusionAlmereFcApplication - Running with Spring Boot v3.3.5, Spring v6.1.14
2024-11-18 19:57:34 [restartedMain] INFO  c.f.FusionAlmereFcApplication - The following 1 profile is active: "dev"
2024-11-18 19:57:36 [restartedMain] INFO  o.a.coyote.http11.Http11NioProtocol - Initializing ProtocolHandler ["http-nio-8080"]
2024-11-18 19:57:36 [restartedMain] INFO  o.a.catalina.core.StandardService - Starting service [Tomcat]
2024-11-18 19:57:36 [restartedMain] INFO  o.a.catalina.core.StandardEngine - Starting Servlet engine: [Apache Tomcat/10.1.31]
2024-11-18 19:57:36 [restartedMain] INFO  o.a.c.c.C.[Tomcat].[localhost].[/] - Initializing Spring embedded WebApplicationContext
2024-11-18 19:57:36 [restartedMain] INFO  o.h.jpa.internal.util.LogHelper - HHH000204: Processing PersistenceUnitInfo [name: default]
2024-11-18 19:57:36 [restartedMain] INFO  org.hibernate.Version - HHH000412: Hibernate ORM core version 6.5.3.Final
2024-11-18 19:57:36 [restartedMain] INFO  o.h.c.i.RegionFactoryInitiator - HHH000026: Second-level cache disabled
2024-11-18 19:57:37 [restartedMain] INFO  com.zaxxer.hikari.HikariDataSource - HikariPool-1 - Starting...
2024-11-18 19:57:37 [restartedMain] INFO  com.zaxxer.hikari.pool.HikariPool - HikariPool-1 - Added connection org.postgresql.jdbc.PgConnection@49819070
2024-11-18 19:57:37 [restartedMain] INFO  com.zaxxer.hikari.HikariDataSource - HikariPool-1 - Start completed.
2024-11-18 19:57:37 [restartedMain] WARN  org.hibernate.orm.deprecation - HHH90000025: PostgreSQLDialect does not need to be specified explicitly using 'hibernate.dialect' (remove the property setting and it will be selected by default)
2024-11-18 19:57:38 [restartedMain] INFO  o.h.e.t.j.p.i.JtaPlatformInitiator - HHH000489: No JTA platform available (set 'hibernate.transaction.jta.platform' to enable JTA platform integration)
2024-11-18 19:57:39 [restartedMain] WARN  o.s.b.a.o.j.JpaBaseConfiguration$JpaWebConfiguration - spring.jpa.open-in-view is enabled by default. Therefore, database queries may be performed during view rendering. Explicitly configure spring.jpa.open-in-view to disable this warning
2024-11-18 19:57:39 [restartedMain] WARN  o.s.b.a.s.s.UserDetailsServiceAutoConfiguration - 

Using generated security password: 0985fb52-d92e-472c-acd7-ad367e50f1a7

This generated password is for development use only. Your security configuration must be updated before running your application in production.

2024-11-18 19:57:40 [restartedMain] INFO  o.a.coyote.http11.Http11NioProtocol - Starting ProtocolHandler ["http-nio-8080"]
2024-11-18 19:57:40 [restartedMain] INFO  c.f.FusionAlmereFcApplication - Started FusionAlmereFcApplication in 6.879 seconds (process running for 7.564)
2024-11-18 19:57:42 [RMI TCP Connection(2)-127.0.0.1] INFO  o.a.c.c.C.[Tomcat].[localhost].[/] - Initializing Spring DispatcherServlet 'dispatcherServlet'
2024-11-18 20:03:13 [restartedMain] INFO  c.f.FusionAlmereFcApplication - Starting FusionAlmereFcApplication using Java 17.0.9 with PID 34692 (C:\Users\Chidozie\gitRepo\fusion-almere-fc\backend\build\classes\java\main started by Chidozie in C:\Users\Chidozie\gitRepo\fusion-almere-fc)
2024-11-18 20:03:13 [restartedMain] DEBUG c.f.FusionAlmereFcApplication - Running with Spring Boot v3.3.5, Spring v6.1.14
2024-11-18 20:03:13 [restartedMain] INFO  c.f.FusionAlmereFcApplication - The following 1 profile is active: "dev"
2024-11-18 20:03:15 [restartedMain] INFO  o.a.coyote.http11.Http11NioProtocol - Initializing ProtocolHandler ["http-nio-8080"]
2024-11-18 20:03:15 [restartedMain] INFO  o.a.catalina.core.StandardService - Starting service [Tomcat]
2024-11-18 20:03:15 [restartedMain] INFO  o.a.catalina.core.StandardEngine - Starting Servlet engine: [Apache Tomcat/10.1.31]
2024-11-18 20:03:15 [restartedMain] INFO  o.a.c.c.C.[Tomcat].[localhost].[/] - Initializing Spring embedded WebApplicationContext
2024-11-18 20:03:16 [restartedMain] INFO  o.h.jpa.internal.util.LogHelper - HHH000204: Processing PersistenceUnitInfo [name: default]
2024-11-18 20:03:16 [restartedMain] INFO  org.hibernate.Version - HHH000412: Hibernate ORM core version 6.5.3.Final
2024-11-18 20:03:16 [restartedMain] INFO  o.h.c.i.RegionFactoryInitiator - HHH000026: Second-level cache disabled
2024-11-18 20:03:16 [restartedMain] INFO  com.zaxxer.hikari.HikariDataSource - HikariPool-1 - Starting...
2024-11-18 20:03:16 [restartedMain] INFO  com.zaxxer.hikari.pool.HikariPool - HikariPool-1 - Added connection org.postgresql.jdbc.PgConnection@5aa0221e
2024-11-18 20:03:16 [restartedMain] INFO  com.zaxxer.hikari.HikariDataSource - HikariPool-1 - Start completed.
2024-11-18 20:03:17 [restartedMain] WARN  org.hibernate.orm.deprecation - HHH90000025: PostgreSQLDialect does not need to be specified explicitly using 'hibernate.dialect' (remove the property setting and it will be selected by default)
2024-11-18 20:03:18 [restartedMain] INFO  o.h.e.t.j.p.i.JtaPlatformInitiator - HHH000489: No JTA platform available (set 'hibernate.transaction.jta.platform' to enable JTA platform integration)
2024-11-18 20:03:18 [restartedMain] WARN  o.s.b.a.o.j.JpaBaseConfiguration$JpaWebConfiguration - spring.jpa.open-in-view is enabled by default. Therefore, database queries may be performed during view rendering. Explicitly configure spring.jpa.open-in-view to disable this warning
2024-11-18 20:03:18 [restartedMain] WARN  o.s.b.a.s.s.UserDetailsServiceAutoConfiguration - 

Using generated security password: cf654a88-d917-48dd-b19b-6d4df443b890

This generated password is for development use only. Your security configuration must be updated before running your application in production.

2024-11-18 20:03:20 [restartedMain] INFO  o.a.coyote.http11.Http11NioProtocol - Starting ProtocolHandler ["http-nio-8080"]
2024-11-18 20:03:20 [restartedMain] INFO  c.f.FusionAlmereFcApplication - Started FusionAlmereFcApplication in 7.258 seconds (process running for 7.953)
2024-11-18 20:03:21 [RMI TCP Connection(2)-127.0.0.1] INFO  o.a.c.c.C.[Tomcat].[localhost].[/] - Initializing Spring DispatcherServlet 'dispatcherServlet'
2024-11-18 20:05:27 [restartedMain] INFO  c.f.FusionAlmereFcApplication - Starting FusionAlmereFcApplication using Java 17.0.9 with PID 33276 (C:\Users\Chidozie\gitRepo\fusion-almere-fc\backend\build\classes\java\main started by Chidozie in C:\Users\Chidozie\gitRepo\fusion-almere-fc)
2024-11-18 20:05:27 [restartedMain] DEBUG c.f.FusionAlmereFcApplication - Running with Spring Boot v3.3.5, Spring v6.1.14
2024-11-18 20:05:27 [restartedMain] INFO  c.f.FusionAlmereFcApplication - The following 1 profile is active: "dev"
2024-11-18 20:05:29 [restartedMain] INFO  o.a.coyote.http11.Http11NioProtocol - Initializing ProtocolHandler ["http-nio-8080"]
2024-11-18 20:05:29 [restartedMain] INFO  o.a.catalina.core.StandardService - Starting service [Tomcat]
2024-11-18 20:05:29 [restartedMain] INFO  o.a.catalina.core.StandardEngine - Starting Servlet engine: [Apache Tomcat/10.1.31]
2024-11-18 20:05:29 [restartedMain] INFO  o.a.c.c.C.[Tomcat].[localhost].[/] - Initializing Spring embedded WebApplicationContext
2024-11-18 20:05:29 [restartedMain] INFO  o.h.jpa.internal.util.LogHelper - HHH000204: Processing PersistenceUnitInfo [name: default]
2024-11-18 20:05:29 [restartedMain] INFO  org.hibernate.Version - HHH000412: Hibernate ORM core version 6.5.3.Final
2024-11-18 20:05:29 [restartedMain] INFO  o.h.c.i.RegionFactoryInitiator - HHH000026: Second-level cache disabled
2024-11-18 20:05:30 [restartedMain] INFO  com.zaxxer.hikari.HikariDataSource - HikariPool-1 - Starting...
2024-11-18 20:05:30 [restartedMain] INFO  com.zaxxer.hikari.pool.HikariPool - HikariPool-1 - Added connection org.postgresql.jdbc.PgConnection@41a3c450
2024-11-18 20:05:30 [restartedMain] INFO  com.zaxxer.hikari.HikariDataSource - HikariPool-1 - Start completed.
2024-11-18 20:05:30 [restartedMain] WARN  org.hibernate.orm.deprecation - HHH90000025: PostgreSQLDialect does not need to be specified explicitly using 'hibernate.dialect' (remove the property setting and it will be selected by default)
2024-11-18 20:05:31 [restartedMain] INFO  o.h.e.t.j.p.i.JtaPlatformInitiator - HHH000489: No JTA platform available (set 'hibernate.transaction.jta.platform' to enable JTA platform integration)
2024-11-18 20:05:32 [restartedMain] WARN  o.s.b.a.o.j.JpaBaseConfiguration$JpaWebConfiguration - spring.jpa.open-in-view is enabled by default. Therefore, database queries may be performed during view rendering. Explicitly configure spring.jpa.open-in-view to disable this warning
2024-11-18 20:05:32 [restartedMain] WARN  o.s.b.a.s.s.UserDetailsServiceAutoConfiguration - 

Using generated security password: 2b1eeeb4-34af-4932-a960-5299f49f0050

This generated password is for development use only. Your security configuration must be updated before running your application in production.

2024-11-18 20:05:33 [restartedMain] INFO  o.a.coyote.http11.Http11NioProtocol - Starting ProtocolHandler ["http-nio-8080"]
2024-11-18 20:05:33 [restartedMain] INFO  c.f.FusionAlmereFcApplication - Started FusionAlmereFcApplication in 7.108 seconds (process running for 7.836)
2024-11-18 20:05:35 [RMI TCP Connection(2)-127.0.0.1] INFO  o.a.c.c.C.[Tomcat].[localhost].[/] - Initializing Spring DispatcherServlet 'dispatcherServlet'
2024-11-18 20:16:00 [restartedMain] INFO  c.f.FusionAlmereFcApplication - Starting FusionAlmereFcApplication using Java 17.0.9 with PID 11600 (C:\Users\Chidozie\gitRepo\fusion-almere-fc\backend\build\classes\java\main started by Chidozie in C:\Users\Chidozie\gitRepo\fusion-almere-fc)
2024-11-18 20:16:00 [restartedMain] DEBUG c.f.FusionAlmereFcApplication - Running with Spring Boot v3.3.5, Spring v6.1.14
2024-11-18 20:16:00 [restartedMain] INFO  c.f.FusionAlmereFcApplication - The following 1 profile is active: "dev"
2024-11-18 20:16:02 [restartedMain] INFO  o.a.coyote.http11.Http11NioProtocol - Initializing ProtocolHandler ["http-nio-8080"]
2024-11-18 20:16:02 [restartedMain] INFO  o.a.catalina.core.StandardService - Starting service [Tomcat]
2024-11-18 20:16:02 [restartedMain] INFO  o.a.catalina.core.StandardEngine - Starting Servlet engine: [Apache Tomcat/10.1.31]
2024-11-18 20:16:02 [restartedMain] INFO  o.a.c.c.C.[Tomcat].[localhost].[/] - Initializing Spring embedded WebApplicationContext
2024-11-18 20:16:03 [restartedMain] INFO  o.h.jpa.internal.util.LogHelper - HHH000204: Processing PersistenceUnitInfo [name: default]
2024-11-18 20:16:03 [restartedMain] INFO  org.hibernate.Version - HHH000412: Hibernate ORM core version 6.5.3.Final
2024-11-18 20:16:03 [restartedMain] INFO  o.h.c.i.RegionFactoryInitiator - HHH000026: Second-level cache disabled
2024-11-18 20:16:03 [restartedMain] INFO  com.zaxxer.hikari.HikariDataSource - HikariPool-1 - Starting...
2024-11-18 20:16:03 [restartedMain] INFO  com.zaxxer.hikari.pool.HikariPool - HikariPool-1 - Added connection org.postgresql.jdbc.PgConnection@5b0ba8ad
2024-11-18 20:16:03 [restartedMain] INFO  com.zaxxer.hikari.HikariDataSource - HikariPool-1 - Start completed.
2024-11-18 20:16:03 [restartedMain] WARN  org.hibernate.orm.deprecation - HHH90000025: PostgreSQLDialect does not need to be specified explicitly using 'hibernate.dialect' (remove the property setting and it will be selected by default)
2024-11-18 20:16:04 [restartedMain] INFO  o.h.e.t.j.p.i.JtaPlatformInitiator - HHH000489: No JTA platform available (set 'hibernate.transaction.jta.platform' to enable JTA platform integration)
2024-11-18 20:16:05 [restartedMain] WARN  o.s.b.a.o.j.JpaBaseConfiguration$JpaWebConfiguration - spring.jpa.open-in-view is enabled by default. Therefore, database queries may be performed during view rendering. Explicitly configure spring.jpa.open-in-view to disable this warning
2024-11-18 20:16:05 [restartedMain] WARN  o.s.b.a.s.s.UserDetailsServiceAutoConfiguration - 

Using generated security password: 07381389-ed2b-446d-8d85-51757301d602

This generated password is for development use only. Your security configuration must be updated before running your application in production.

2024-11-18 20:16:06 [restartedMain] INFO  o.a.coyote.http11.Http11NioProtocol - Starting ProtocolHandler ["http-nio-8080"]
2024-11-18 20:16:06 [restartedMain] INFO  c.f.FusionAlmereFcApplication - Started FusionAlmereFcApplication in 6.753 seconds (process running for 7.474)
2024-11-18 20:16:09 [RMI TCP Connection(2)-127.0.0.1] INFO  o.a.c.c.C.[Tomcat].[localhost].[/] - Initializing Spring DispatcherServlet 'dispatcherServlet'
